2025-10-07 11:12:40.973 [info] Experiment 'pythonSurveyNotification' is active
2025-10-07 11:12:41.057 [info] Native locator: Refresh started
2025-10-07 11:12:41.104 [info] > pyenv which python
2025-10-07 11:12:41.104 [info] cwd: .
2025-10-07 11:12:44.421 [info] Active interpreter [/Users/Shared/CLOUD/Programmier-Workshops/Kurse/Enrichment/AI/Enrichment_AI-Kurs_Enrichment/9-Website]:  /Users/Shared/CLOUD/Programmier-Workshops/Kurse/Enrichment/AI/Enrichment_AI-Kurs_Enrichment/.venv/python/bin/python
2025-10-07 11:12:44.607 [info] Native locator: Refresh finished in 3548 ms
2025-10-07 11:12:48.335 [info] Starting Pylance language server.
2025-10-07 11:16:27.193 [info] Discover tests for workspace name: 9-Website - uri: /Users/Shared/CLOUD/Programmier-Workshops/Kurse/Enrichment/AI/Enrichment_AI-Kurs_Enrichment/9-Website
2025-10-07 11:20:53.270 [info] Discover tests for workspace name: 9-Website - uri: /Users/Shared/CLOUD/Programmier-Workshops/Kurse/Enrichment/AI/Enrichment_AI-Kurs_Enrichment/9-Website
2025-10-07 11:21:01.188 [info] Discover tests for workspace name: 9-Website - uri: /Users/Shared/CLOUD/Programmier-Workshops/Kurse/Enrichment/AI/Enrichment_AI-Kurs_Enrichment/9-Website
2025-10-07 11:21:05.804 [info] Discover tests for workspace name: 9-Website - uri: /Users/Shared/CLOUD/Programmier-Workshops/Kurse/Enrichment/AI/Enrichment_AI-Kurs_Enrichment/9-Website
2025-10-07 11:21:13.806 [info] Discover tests for workspace name: 9-Website - uri: /Users/Shared/CLOUD/Programmier-Workshops/Kurse/Enrichment/AI/Enrichment_AI-Kurs_Enrichment/9-Website
2025-10-07 11:30:36.567 [info] Discover tests for workspace name: 9-Website - uri: /Users/Shared/CLOUD/Programmier-Workshops/Kurse/Enrichment/AI/Enrichment_AI-Kurs_Enrichment/9-Website
2025-10-07 11:31:35.757 [info] Discover tests for workspace name: undefined - uri: /Users/Shared/CLOUD/Programmier-Workshops/Kurse/Enrichment/AI/Enrichment_AI-Kurs_Enrichment/9-Website/.vscode.usr/User/profiles/6e52e074/settings.json
2025-10-07 11:31:41.275 [info] Discover tests for workspace name: 9-Website - uri: /Users/Shared/CLOUD/Programmier-Workshops/Kurse/Enrichment/AI/Enrichment_AI-Kurs_Enrichment/9-Website
2025-10-07 11:31:52.803 [info] Discover tests for workspace name: 9-Website - uri: /Users/Shared/CLOUD/Programmier-Workshops/Kurse/Enrichment/AI/Enrichment_AI-Kurs_Enrichment/9-Website
2025-10-07 11:32:09.391 [info] Discover tests for workspace name: 9-Website - uri: /Users/Shared/CLOUD/Programmier-Workshops/Kurse/Enrichment/AI/Enrichment_AI-Kurs_Enrichment/9-Website
2025-10-07 11:36:50.720 [info] Send text to terminal: source /Users/Shared/CLOUD/Programmier-Workshops/Kurse/Enrichment/AI/Enrichment_AI-Kurs_Enrichment/.venv/python/bin/activate
2025-10-07 11:44:55.257 [info] Discover tests for workspace name: 9-Website - uri: /Users/Shared/CLOUD/Programmier-Workshops/Kurse/Enrichment/AI/Enrichment_AI-Kurs_Enrichment/9-Website
2025-10-07 11:51:41.839 [info] Discover tests for workspace name: 9-Website - uri: /Users/Shared/CLOUD/Programmier-Workshops/Kurse/Enrichment/AI/Enrichment_AI-Kurs_Enrichment/9-Website
2025-10-07 11:58:12.030 [info] Discover tests for workspace name: 9-Website - uri: /Users/Shared/CLOUD/Programmier-Workshops/Kurse/Enrichment/AI/Enrichment_AI-Kurs_Enrichment/9-Website
2025-10-07 12:01:26.241 [info] Discover tests for workspace name: 9-Website - uri: /Users/Shared/CLOUD/Programmier-Workshops/Kurse/Enrichment/AI/Enrichment_AI-Kurs_Enrichment/9-Website
2025-10-07 13:35:02.971 [info] Discover tests for workspace name: 9-Website - uri: /Users/Shared/CLOUD/Programmier-Workshops/Kurse/Enrichment/AI/Enrichment_AI-Kurs_Enrichment/9-Website
