2025-10-07 10:51:57.075 [info] Reading sessions from keychain...
2025-10-07 10:51:57.075 [info] Getting sessions for all scopes...
2025-10-07 10:51:57.100 [info] Got 0 sessions for ...
2025-10-07 10:51:57.100 [info] Getting sessions for all scopes...
2025-10-07 10:51:57.100 [info] Got 0 sessions for ...
2025-10-07 10:51:57.100 [info] Getting sessions for all scopes...
2025-10-07 10:51:57.100 [info] Got 0 sessions for ...
2025-10-07 10:51:57.100 [info] Getting sessions for all scopes...
2025-10-07 10:51:57.100 [info] Got 0 sessions for ...
2025-10-07 10:51:57.100 [info] Getting sessions for all scopes...
2025-10-07 10:51:57.100 [info] Got 0 sessions for ...
2025-10-07 10:51:57.101 [info] Getting sessions for all scopes...
2025-10-07 10:51:57.101 [info] Got 0 sessions for ...
2025-10-07 10:51:57.101 [info] Getting sessions for all scopes...
2025-10-07 10:51:57.101 [info] Got 0 sessions for ...
2025-10-07 10:51:57.101 [info] Getting sessions for all scopes...
2025-10-07 10:51:57.101 [info] Got 0 sessions for ...
2025-10-07 10:51:57.106 [info] Getting sessions for all scopes...
2025-10-07 10:51:57.106 [info] Got 0 sessions for ...
2025-10-07 10:51:57.109 [info] Getting sessions for all scopes...
2025-10-07 10:51:57.109 [info] Got 0 sessions for ...
2025-10-07 10:51:57.110 [info] Getting sessions for all scopes...
2025-10-07 10:51:57.110 [info] Got 0 sessions for ...
2025-10-07 10:51:57.110 [info] Getting sessions for all scopes...
2025-10-07 10:51:57.110 [info] Got 0 sessions for ...
2025-10-07 10:51:57.111 [info] Getting sessions for all scopes...
2025-10-07 10:51:57.111 [info] Got 0 sessions for ...
2025-10-07 10:51:57.111 [info] Getting sessions for all scopes...
2025-10-07 10:51:57.111 [info] Got 0 sessions for ...
2025-10-07 10:51:57.833 [info] Getting sessions for all scopes...
2025-10-07 10:51:57.833 [info] Got 0 sessions for ...
2025-10-07 10:51:58.378 [info] Getting sessions for all scopes...
2025-10-07 10:51:58.378 [info] Got 0 sessions for ...
2025-10-07 10:51:58.379 [info] Getting sessions for all scopes...
2025-10-07 10:51:58.379 [info] Got 0 sessions for ...
2025-10-07 10:51:58.393 [info] Getting sessions for all scopes...
2025-10-07 10:51:58.393 [info] Got 0 sessions for ...
2025-10-07 10:52:04.914 [info] Getting sessions for read:user,repo,user:email,workflow...
2025-10-07 10:52:04.914 [info] Got 0 sessions for read:user,repo,user:email,workflow...
2025-10-07 10:52:52.054 [info] Logging in with 'any' account...
2025-10-07 10:52:52.054 [info] Logging in for the following scopes: user:email
2025-10-07 10:52:52.107 [info] Trying with local server... (user:email)
2025-10-07 10:52:54.571 [error] User Cancelled
2025-10-07 10:52:55.714 [info] Trying without local server... (user:email)
2025-10-07 10:52:56.585 [error] User Cancelled
2025-10-07 10:52:57.449 [info] Trying device code flow... (user:email)
2025-10-07 10:53:12.594 [info] Getting user info...
2025-10-07 10:53:12.848 [info] Got account info!
2025-10-07 10:53:12.848 [info] Storing 1 sessions...
2025-10-07 10:53:12.850 [info] Reading sessions from keychain...
2025-10-07 10:53:12.850 [info] Stored 1 sessions!
2025-10-07 10:53:12.850 [info] Login success!
2025-10-07 10:53:12.850 [info] Getting sessions for all scopes...
2025-10-07 10:53:12.852 [info] Got stored sessions!
2025-10-07 10:53:12.852 [info] Got 1 verified sessions.
2025-10-07 10:53:12.852 [info] Got 1 sessions for ...
2025-10-07 10:53:12.852 [info] Getting sessions for all scopes...
2025-10-07 10:53:12.852 [info] Got 1 sessions for ...
2025-10-07 10:53:12.853 [info] Getting sessions for all scopes...
2025-10-07 10:53:12.853 [info] Got 1 sessions for ...
2025-10-07 10:53:12.854 [info] Getting sessions for read:user,repo,user:email,workflow...
2025-10-07 10:53:12.854 [info] Got 0 sessions for read:user,repo,user:email,workflow...
2025-10-07 10:53:13.224 [info] FetcherService: Electron fetch failed with status: 429 
2025-10-07 10:53:13.584 [info] FetcherService: Node fetch failed with status: 429 Too Many Requests
2025-10-07 10:53:13.925 [info] FetcherService: Node http/s failed with status: 429 Too Many Requests
2025-10-07 10:53:21.434 [info] Getting sessions for all scopes...
2025-10-07 10:53:21.435 [info] Got 1 sessions for ...
2025-10-07 10:53:21.437 [info] Getting sessions for all scopes...
2025-10-07 10:53:21.437 [info] Got 1 sessions for ...
2025-10-07 10:53:22.194 [info] Getting sessions for read:user,repo,user:email,workflow...
2025-10-07 10:53:22.194 [info] Got 0 sessions for read:user,repo,user:email,workflow...
2025-10-07 10:53:23.219 [info] Getting sessions for all scopes...
2025-10-07 10:53:23.219 [info] Got 1 sessions for ...
2025-10-07 10:53:23.222 [info] Getting sessions for all scopes...
2025-10-07 10:53:23.222 [info] Got 1 sessions for ...
2025-10-07 10:53:23.249 [info] Getting sessions for user:email...
2025-10-07 10:53:23.249 [info] Got 1 sessions for user:email...
2025-10-07 10:53:23.250 [info] Getting sessions for read:user,repo,user:email,workflow...
2025-10-07 10:53:23.250 [info] Got 0 sessions for read:user,repo,user:email,workflow...
2025-10-07 10:53:23.251 [info] Getting sessions for all scopes...
2025-10-07 10:53:23.251 [info] Got 1 sessions for ...
2025-10-07 10:53:23.251 [info] Getting sessions for read:user,repo,user:email,workflow...
2025-10-07 10:53:23.251 [info] Got 0 sessions for read:user,repo,user:email,workflow...
2025-10-07 10:53:23.266 [info] Getting sessions for all scopes...
2025-10-07 10:53:23.266 [info] Got 1 sessions for ...
2025-10-07 10:53:23.280 [info] Getting sessions for user:email...
2025-10-07 10:53:23.280 [info] Got 1 sessions for user:email...
2025-10-07 10:53:23.283 [info] Getting sessions for read:user...
2025-10-07 10:53:23.283 [info] Got 0 sessions for read:user...
2025-10-07 10:53:23.287 [info] Getting sessions for user:email...
2025-10-07 10:53:23.287 [info] Got 1 sessions for user:email...
2025-10-07 10:53:23.758 [info] Getting sessions for all scopes...
2025-10-07 10:53:23.758 [info] Got 1 sessions for ...
2025-10-07 10:53:23.758 [info] Getting sessions for all scopes...
2025-10-07 10:53:23.758 [info] Got 1 sessions for ...
2025-10-07 10:53:23.777 [info] Getting sessions for read:user,repo,user:email,workflow...
2025-10-07 10:53:23.777 [info] Got 0 sessions for read:user,repo,user:email,workflow...
2025-10-07 10:53:23.778 [info] Getting sessions for user:email...
2025-10-07 10:53:23.778 [info] Got 1 sessions for user:email...
2025-10-07 10:53:23.778 [info] Getting sessions for read:user,repo,user:email,workflow...
2025-10-07 10:53:23.779 [info] Got 0 sessions for read:user,repo,user:email,workflow...
2025-10-07 10:53:23.853 [info] Getting sessions for all scopes...
2025-10-07 10:53:23.853 [info] Got 1 sessions for ...
2025-10-07 10:53:23.857 [info] Getting sessions for all scopes...
2025-10-07 10:53:23.857 [info] Got 1 sessions for ...
2025-10-07 10:53:23.858 [info] Getting sessions for all scopes...
2025-10-07 10:53:23.858 [info] Got 1 sessions for ...
2025-10-07 10:53:23.861 [info] Getting sessions for all scopes...
2025-10-07 10:53:23.861 [info] Got 1 sessions for ...
2025-10-07 10:53:23.868 [info] Getting sessions for read:user,repo,user:email,workflow...
2025-10-07 10:53:23.868 [info] Got 0 sessions for read:user,repo,user:email,workflow...
2025-10-07 10:53:23.868 [info] Getting sessions for user:email...
2025-10-07 10:53:23.868 [info] Got 1 sessions for user:email...
2025-10-07 10:53:23.868 [info] Getting sessions for read:user,repo,user:email,workflow...
2025-10-07 10:53:23.868 [info] Got 0 sessions for read:user,repo,user:email,workflow...
2025-10-07 10:53:23.871 [info] Getting sessions for all scopes...
2025-10-07 10:53:23.871 [info] Got 1 sessions for ...
2025-10-07 10:53:23.872 [info] Getting sessions for read:user,repo,user:email,workflow...
2025-10-07 10:53:23.872 [info] Got 0 sessions for read:user,repo,user:email,workflow...
2025-10-07 10:53:23.872 [info] Getting sessions for user:email...
2025-10-07 10:53:23.872 [info] Got 1 sessions for user:email...
2025-10-07 10:53:25.149 [info] Getting sessions for all scopes...
2025-10-07 10:53:25.149 [info] Got 1 sessions for ...
2025-10-07 11:12:39.223 [info] Getting sessions for all scopes...
2025-10-07 11:12:39.248 [info] Got 1 sessions for ...
2025-10-07 11:12:44.682 [info] Getting sessions for all scopes...
2025-10-07 11:12:44.682 [info] Got 1 sessions for ...
2025-10-07 11:17:31.671 [info] Getting sessions for all scopes...
2025-10-07 11:17:31.672 [info] Got 1 sessions for ...
2025-10-07 11:17:31.674 [info] Getting sessions for read:user,repo,user:email,workflow...
2025-10-07 11:17:31.674 [info] Got 0 sessions for read:user,repo,user:email,workflow...
2025-10-07 11:17:31.674 [info] Getting sessions for user:email...
2025-10-07 11:17:31.675 [info] Got 1 sessions for user:email...
2025-10-07 11:17:32.030 [info] Getting sessions for all scopes...
2025-10-07 11:17:32.030 [info] Got 1 sessions for ...
2025-10-07 11:17:32.030 [info] Getting sessions for all scopes...
2025-10-07 11:17:32.030 [info] Got 1 sessions for ...
2025-10-07 11:17:32.031 [info] Getting sessions for read:user,repo,user:email,workflow...
2025-10-07 11:17:32.031 [info] Got 0 sessions for read:user,repo,user:email,workflow...
2025-10-07 11:17:32.032 [info] Getting sessions for user:email...
2025-10-07 11:17:32.032 [info] Got 1 sessions for user:email...
2025-10-07 11:17:32.032 [info] Getting sessions for read:user,repo,user:email,workflow...
2025-10-07 11:17:32.032 [info] Got 0 sessions for read:user,repo,user:email,workflow...
2025-10-07 11:17:32.039 [info] Getting sessions for all scopes...
2025-10-07 11:17:32.039 [info] Got 1 sessions for ...
2025-10-07 11:17:32.040 [info] Getting sessions for read:user,repo,user:email,workflow...
2025-10-07 11:17:32.040 [info] Got 0 sessions for read:user,repo,user:email,workflow...
2025-10-07 11:17:32.040 [info] Getting sessions for read:user,repo,user:email,workflow...
2025-10-07 11:17:32.040 [info] Got 0 sessions for read:user,repo,user:email,workflow...
2025-10-07 11:17:32.041 [info] Getting sessions for all scopes...
2025-10-07 11:17:32.041 [info] Got 1 sessions for ...
2025-10-07 11:17:32.042 [info] Getting sessions for read:user,repo,user:email,workflow...
2025-10-07 11:17:32.042 [info] Got 0 sessions for read:user,repo,user:email,workflow...
2025-10-07 11:17:32.042 [info] Getting sessions for user:email...
2025-10-07 11:17:32.043 [info] Got 1 sessions for user:email...
2025-10-07 11:29:17.923 [info] Getting sessions for read:user,repo,user:email,workflow...
2025-10-07 11:29:17.923 [info] Got 0 sessions for read:user,repo,user:email,workflow...
2025-10-07 11:29:17.924 [info] Getting sessions for read:user...
2025-10-07 11:29:17.924 [info] Got 0 sessions for read:user...
2025-10-07 11:29:17.928 [info] Getting sessions for user:email...
2025-10-07 11:29:17.928 [info] Got 1 sessions for user:email...
2025-10-07 11:39:36.470 [info] Getting sessions for all scopes...
2025-10-07 11:39:36.471 [info] Got 1 sessions for ...
2025-10-07 11:39:36.473 [info] Getting sessions for read:user,repo,user:email,workflow...
2025-10-07 11:39:36.473 [info] Got 0 sessions for read:user,repo,user:email,workflow...
2025-10-07 11:39:36.474 [info] Getting sessions for user:email...
2025-10-07 11:39:36.474 [info] Got 1 sessions for user:email...
2025-10-07 11:39:36.864 [info] Getting sessions for all scopes...
2025-10-07 11:39:36.864 [info] Got 1 sessions for ...
2025-10-07 11:39:36.864 [info] Getting sessions for all scopes...
2025-10-07 11:39:36.864 [info] Got 1 sessions for ...
2025-10-07 11:39:36.868 [info] Getting sessions for read:user,repo,user:email,workflow...
2025-10-07 11:39:36.868 [info] Got 0 sessions for read:user,repo,user:email,workflow...
2025-10-07 11:39:36.869 [info] Getting sessions for user:email...
2025-10-07 11:39:36.869 [info] Got 1 sessions for user:email...
2025-10-07 11:39:36.873 [info] Getting sessions for read:user,repo,user:email,workflow...
2025-10-07 11:39:36.873 [info] Got 0 sessions for read:user,repo,user:email,workflow...
2025-10-07 11:39:36.877 [info] Getting sessions for all scopes...
2025-10-07 11:39:36.877 [info] Got 1 sessions for ...
2025-10-07 11:39:36.878 [info] Getting sessions for read:user,repo,user:email,workflow...
2025-10-07 11:39:36.878 [info] Got 0 sessions for read:user,repo,user:email,workflow...
2025-10-07 11:39:36.878 [info] Getting sessions for read:user,repo,user:email,workflow...
2025-10-07 11:39:36.878 [info] Got 0 sessions for read:user,repo,user:email,workflow...
2025-10-07 11:39:36.879 [info] Getting sessions for all scopes...
2025-10-07 11:39:36.879 [info] Got 1 sessions for ...
2025-10-07 11:39:36.880 [info] Getting sessions for read:user,repo,user:email,workflow...
2025-10-07 11:39:36.880 [info] Got 0 sessions for read:user,repo,user:email,workflow...
2025-10-07 11:39:36.881 [info] Getting sessions for user:email...
2025-10-07 11:39:36.881 [info] Got 1 sessions for user:email...
2025-10-07 11:41:58.578 [info] Getting sessions for read:user,repo,user:email,workflow...
2025-10-07 11:41:58.578 [info] Got 0 sessions for read:user,repo,user:email,workflow...
2025-10-07 12:01:14.571 [info] Getting sessions for all scopes...
2025-10-07 12:01:14.571 [info] Got 1 sessions for ...
2025-10-07 12:01:14.575 [info] Getting sessions for read:user,repo,user:email,workflow...
2025-10-07 12:01:14.575 [info] Got 0 sessions for read:user,repo,user:email,workflow...
2025-10-07 12:01:14.576 [info] Getting sessions for user:email...
2025-10-07 12:01:14.576 [info] Got 1 sessions for user:email...
2025-10-07 12:01:14.956 [info] Getting sessions for all scopes...
2025-10-07 12:01:14.956 [info] Got 1 sessions for ...
2025-10-07 12:01:14.956 [info] Getting sessions for all scopes...
2025-10-07 12:01:14.956 [info] Got 1 sessions for ...
2025-10-07 12:01:14.957 [info] Getting sessions for read:user,repo,user:email,workflow...
2025-10-07 12:01:14.957 [info] Got 0 sessions for read:user,repo,user:email,workflow...
2025-10-07 12:01:14.958 [info] Getting sessions for user:email...
2025-10-07 12:01:14.958 [info] Got 1 sessions for user:email...
2025-10-07 12:01:14.958 [info] Getting sessions for read:user,repo,user:email,workflow...
2025-10-07 12:01:14.958 [info] Got 0 sessions for read:user,repo,user:email,workflow...
2025-10-07 12:01:14.962 [info] Getting sessions for all scopes...
2025-10-07 12:01:14.963 [info] Got 1 sessions for ...
2025-10-07 12:01:14.963 [info] Getting sessions for read:user,repo,user:email,workflow...
2025-10-07 12:01:14.964 [info] Got 0 sessions for read:user,repo,user:email,workflow...
2025-10-07 12:01:14.964 [info] Getting sessions for read:user,repo,user:email,workflow...
2025-10-07 12:01:14.964 [info] Got 0 sessions for read:user,repo,user:email,workflow...
2025-10-07 12:01:14.965 [info] Getting sessions for all scopes...
2025-10-07 12:01:14.965 [info] Got 1 sessions for ...
2025-10-07 12:01:14.966 [info] Getting sessions for read:user,repo,user:email,workflow...
2025-10-07 12:01:14.966 [info] Got 0 sessions for read:user,repo,user:email,workflow...
2025-10-07 12:01:14.967 [info] Getting sessions for user:email...
2025-10-07 12:01:14.967 [info] Got 1 sessions for user:email...
2025-10-07 13:34:57.402 [info] Getting sessions for all scopes...
2025-10-07 13:34:57.403 [info] Got 1 sessions for ...
2025-10-07 13:34:57.410 [info] Getting sessions for read:user,repo,user:email,workflow...
2025-10-07 13:34:57.413 [info] Got 0 sessions for read:user,repo,user:email,workflow...
2025-10-07 13:34:57.415 [info] Getting sessions for user:email...
2025-10-07 13:34:57.415 [info] Got 1 sessions for user:email...
2025-10-07 13:34:57.908 [info] Getting sessions for all scopes...
2025-10-07 13:34:57.908 [info] Got 1 sessions for ...
2025-10-07 13:34:57.910 [info] Getting sessions for all scopes...
2025-10-07 13:34:57.910 [info] Got 1 sessions for ...
2025-10-07 13:34:58.038 [info] Getting sessions for read:user,repo,user:email,workflow...
2025-10-07 13:34:58.038 [info] Got 0 sessions for read:user,repo,user:email,workflow...
2025-10-07 13:34:58.075 [info] Getting sessions for user:email...
2025-10-07 13:34:58.087 [info] Got 1 sessions for user:email...
2025-10-07 13:34:58.090 [info] Getting sessions for read:user,repo,user:email,workflow...
2025-10-07 13:34:58.090 [info] Got 0 sessions for read:user,repo,user:email,workflow...
2025-10-07 13:34:58.121 [info] Getting sessions for all scopes...
2025-10-07 13:34:58.121 [info] Got 1 sessions for ...
2025-10-07 13:34:58.130 [info] Getting sessions for read:user,repo,user:email,workflow...
2025-10-07 13:34:58.130 [info] Got 0 sessions for read:user,repo,user:email,workflow...
2025-10-07 13:34:58.135 [info] Getting sessions for read:user,repo,user:email,workflow...
2025-10-07 13:34:58.135 [info] Got 0 sessions for read:user,repo,user:email,workflow...
2025-10-07 13:34:58.144 [info] Getting sessions for all scopes...
2025-10-07 13:34:58.144 [info] Got 1 sessions for ...
2025-10-07 13:34:58.153 [info] Getting sessions for read:user,repo,user:email,workflow...
2025-10-07 13:34:58.153 [info] Got 0 sessions for read:user,repo,user:email,workflow...
2025-10-07 13:34:58.163 [info] Getting sessions for user:email...
2025-10-07 13:34:58.164 [info] Got 1 sessions for user:email...
