2025-10-07 10:53:23.267 [info] [getSessions] [all] starting
2025-10-07 10:53:23.267 [info] [getSessions] [all] returned 0 session(s)
2025-10-07 10:53:23.267 [info] [getSessions] [all] starting
2025-10-07 10:53:23.267 [info] [getSessions] [all] returned 0 session(s)
2025-10-07 10:53:23.267 [info] [getSessions] [all] starting
2025-10-07 10:53:23.267 [info] [getSessions] [all] returned 0 session(s)
2025-10-07 10:53:23.267 [info] [getSessions] [all] starting
2025-10-07 10:53:23.267 [info] [getSessions] [all] returned 0 session(s)
2025-10-07 10:53:23.276 [info] [getSessions] [499b84ac-1321-427f-aa17-267ca6975798/.default offline_access] starting
2025-10-07 10:53:23.276 [info] [aebc6443-996d-45c2-90f0-388ff96faa56] Native Broker enabled: false
2025-10-07 10:53:23.287 [info] [getSessions] [499b84ac-1321-427f-aa17-267ca6975798/.default offline_access] returned 0 session(s)
2025-10-07 10:53:23.758 [info] [getSessions] [499b84ac-1321-427f-aa17-267ca6975798/.default offline_access] starting
2025-10-07 10:53:23.758 [info] [getSessions] [499b84ac-1321-427f-aa17-267ca6975798/.default offline_access] returned 0 session(s)
2025-10-07 10:53:25.149 [info] [getSessions] [all] starting
2025-10-07 10:53:25.149 [info] [getSessions] [all] returned 0 session(s)
2025-10-07 11:12:39.249 [info] [getSessions] [all] starting
2025-10-07 11:12:39.260 [info] [getSessions] [all] returned 0 session(s)
2025-10-07 11:12:44.682 [info] [getSessions] [all] starting
2025-10-07 11:12:44.682 [info] [getSessions] [all] returned 0 session(s)
2025-10-07 11:17:32.030 [info] [getSessions] [499b84ac-1321-427f-aa17-267ca6975798/.default offline_access] starting
2025-10-07 11:17:32.031 [info] [getSessions] [499b84ac-1321-427f-aa17-267ca6975798/.default offline_access] returned 0 session(s)
2025-10-07 11:39:36.865 [info] [getSessions] [499b84ac-1321-427f-aa17-267ca6975798/.default offline_access] starting
2025-10-07 11:39:36.867 [info] [getSessions] [499b84ac-1321-427f-aa17-267ca6975798/.default offline_access] returned 0 session(s)
2025-10-07 12:01:14.957 [info] [getSessions] [499b84ac-1321-427f-aa17-267ca6975798/.default offline_access] starting
2025-10-07 12:01:14.957 [info] [getSessions] [499b84ac-1321-427f-aa17-267ca6975798/.default offline_access] returned 0 session(s)
2025-10-07 13:34:57.930 [info] [getSessions] [499b84ac-1321-427f-aa17-267ca6975798/.default offline_access] starting
2025-10-07 13:34:57.933 [info] [getSessions] [499b84ac-1321-427f-aa17-267ca6975798/.default offline_access] returned 0 session(s)
2025-10-07 13:38:13.510 [info] [aebc6443-996d-45c2-90f0-388ff96faa56] Native Broker enabled: false
2025-10-07 13:38:18.056 [info] [getSessions] [all] starting
2025-10-07 13:38:18.056 [info] [getSessions] [all] returned 0 session(s)
2025-10-07 13:38:18.056 [info] [getSessions] [all] starting
2025-10-07 13:38:18.056 [info] [getSessions] [all] returned 0 session(s)
2025-10-07 13:38:18.056 [info] [getSessions] [all] starting
2025-10-07 13:38:18.056 [info] [getSessions] [all] returned 0 session(s)
2025-10-07 13:38:18.056 [info] [getSessions] [all] starting
2025-10-07 13:38:18.056 [info] [getSessions] [all] returned 0 session(s)
2025-10-07 13:38:20.260 [info] [getSessions] [499b84ac-1321-427f-aa17-267ca6975798/.default offline_access] starting
2025-10-07 13:38:20.260 [info] [aebc6443-996d-45c2-90f0-388ff96faa56] Native Broker enabled: false
2025-10-07 13:38:20.479 [info] [getSessions] [499b84ac-1321-427f-aa17-267ca6975798/.default offline_access] returned 0 session(s)
2025-10-07 13:38:21.364 [info] [getSessions] [all] starting
2025-10-07 13:38:21.364 [info] [getSessions] [all] returned 0 session(s)
2025-10-07 13:38:21.898 [info] [getSessions] [all] starting
2025-10-07 13:38:21.898 [info] [getSessions] [all] returned 0 session(s)
2025-10-07 14:01:17.677 [info] [aebc6443-996d-45c2-90f0-388ff96faa56] Native Broker enabled: false
2025-10-07 14:01:17.714 [info] [getSessions] [all] starting
2025-10-07 14:01:17.715 [info] [getSessions] [all] returned 0 session(s)
2025-10-07 14:01:17.715 [info] [getSessions] [all] starting
2025-10-07 14:01:17.715 [info] [getSessions] [all] returned 0 session(s)
2025-10-07 14:01:17.716 [info] [getSessions] [all] starting
2025-10-07 14:01:17.716 [info] [getSessions] [all] returned 0 session(s)
2025-10-07 14:01:17.716 [info] [getSessions] [all] starting
2025-10-07 14:01:17.716 [info] [getSessions] [all] returned 0 session(s)
2025-10-07 14:01:18.498 [info] [getSessions] [499b84ac-1321-427f-aa17-267ca6975798/.default offline_access] starting
2025-10-07 14:01:18.498 [info] [aebc6443-996d-45c2-90f0-388ff96faa56] Native Broker enabled: false
2025-10-07 14:01:31.418 [info] [getSessions] [499b84ac-1321-427f-aa17-267ca6975798/.default offline_access] returned 0 session(s)
2025-10-07 14:01:40.630 [info] [getSessions] [499b84ac-1321-427f-aa17-267ca6975798/.default offline_access] starting
2025-10-07 14:01:40.631 [info] [getSessions] [499b84ac-1321-427f-aa17-267ca6975798/.default offline_access] returned 0 session(s)
2025-10-07 14:01:43.935 [info] [getSessions] [all] starting
2025-10-07 14:01:43.935 [info] [getSessions] [all] returned 0 session(s)
