2025-10-07 11:12:40.906 [info] 
=== Python Envs Configuration Levels ===
2025-10-07 11:12:40.907 [info] {
  "section": "Python Envs Configuration Levels",
  "defaultEnvManager": {
    "workspaceFolderValue": "undefined",
    "workspaceValue": "undefined",
    "globalValue": "undefined",
    "defaultValue": "ms-python.python:venv"
  },
  "defaultPackageManager": {
    "workspaceFolderValue": "undefined",
    "workspaceValue": "undefined",
    "globalValue": "undefined",
    "defaultValue": "ms-python.python:pip"
  }
}
2025-10-07 11:12:40.907 [info] Starting Python Locator /Users/Shared/CLOUD/Programmier-Workshops/Kurse/Enrichment/AI/Enrichment_AI-Kurs_Enrichment/9-Website/.vscode.ext/ms-python.vscode-python-envs-1.8.0-darwin-x64/python-env-tools/bin/pet server
2025-10-07 11:12:40.907 [info] Found pipenv in PATH: /usr/local/bin/pipenv
2025-10-07 11:12:41.083 [info] Refreshing pipenv environments
2025-10-07 11:12:42.464 [info] Discovered env: /Users/Shared/CLOUD/Programmier-Workshops/Kurse/Enrichment/AI/Enrichment_AI-Kurs_Enrichment/.venv/python/bin/python
2025-10-07 11:12:42.686 [info] Resolved Python Environment /Users/Shared/CLOUD/Programmier-Workshops/Kurse/Enrichment/AI/Enrichment_AI-Kurs_Enrichment/.venv/python/bin/python
2025-10-07 11:12:43.143 [info] Discovered env: /usr/local/bin/python3.7
2025-10-07 11:12:43.196 [info] Discovered manager: (Conda) /opt/miniconda3/bin/conda
2025-10-07 11:12:43.196 [info] Discovered env: /opt/miniconda3/bin/python
2025-10-07 11:12:43.201 [info] Discovered env: /usr/local/bin/python3.9
2025-10-07 11:12:43.201 [info] Discovered env: /usr/local/bin/python3.12
2025-10-07 11:12:43.208 [info] Discovered env: /usr/local/bin/python3.10
2025-10-07 11:12:43.209 [info] Discovered env: /usr/local/bin/python3
2025-10-07 11:12:43.212 [info] Discovered env: /usr/local/bin/python3.11
2025-10-07 11:12:43.220 [info] Discovered manager: (Conda) /opt/anaconda3/bin/conda
2025-10-07 11:12:43.221 [info] Discovered env: /opt/anaconda3/envs/enrichment/bin/python
2025-10-07 11:12:43.316 [info] Discovered env: /Library/Developer/CommandLineTools/usr/bin/python3.8
2025-10-07 11:12:43.321 [info] Discovered env: /Library/Developer/CommandLineTools/usr/bin/python3
2025-10-07 11:12:43.332 [info] Discovered env: /usr/bin/python3
2025-10-07 11:12:43.430 [info] Discovered env: /opt/anaconda3/bin/python
2025-10-07 11:12:43.432 [info] Resolved /usr/local/bin/python3.11
2025-10-07 11:12:43.438 [info] Locator Conda took 1.005325347s
2025-10-07 11:12:43.438 [info] Locator Homebrew took 791.504191ms
2025-10-07 11:12:43.438 [info] Locator MacCommandLineTools took 895.88283ms
2025-10-07 11:12:43.439 [info] Locator MacPythonOrg took 717.242981ms
2025-10-07 11:12:43.439 [info] Locator MacXCode took 29.03µs
2025-10-07 11:12:43.439 [info] Locator PipEnv took 16.386µs
2025-10-07 11:12:43.439 [info] Locator Pixi took 352.813µs
2025-10-07 11:12:43.439 [info] Locator Poetry took 7.600225ms
2025-10-07 11:12:43.439 [info] Locator PyEnv took 5.765332ms
2025-10-07 11:12:43.439 [info] Locator Venv took 18.44µs
2025-10-07 11:12:43.439 [info] Locator VirtualEnv took 25.539µs
2025-10-07 11:12:43.439 [info] Locator VirtualEnvWrapper took 39.909µs
2025-10-07 11:12:43.439 [info] Locator GlobalVirtualEnvs took 29.071326ms
2025-10-07 11:12:43.439 [info] Locator Locators took 1.007313559s
2025-10-07 11:12:43.439 [info] Locator Path took 1.01550602s
2025-10-07 11:12:43.439 [info] Locator Workspaces took 10.730868ms
2025-10-07 11:12:43.440 [info] Telemetry:  {"event":"RefreshPerformance","data":{"refreshPerformance":{"total":1015,"breakdown":{"GlobalVirtualEnvs":29,"Locators":1007,"Path":1015,"Workspaces":10},"locators":{"Conda":1005,"Homebrew":791,"MacCommandLineTools":895,"MacPythonOrg":717,"MacXCode":0,"PipEnv":0,"Pixi":0,"Poetry":7,"PyEnv":5,"Venv":0,"VirtualEnv":0,"VirtualEnvWrapper":0}}}}
2025-10-07 11:12:43.456 [info] Resolved /usr/local/bin/python3
2025-10-07 11:12:43.486 [info] Resolved /usr/local/bin/python3.9
2025-10-07 11:12:43.494 [info] Resolved /usr/local/bin/python3.12
2025-10-07 11:12:43.520 [info] Resolved /usr/local/bin/python3.10
2025-10-07 11:12:43.520 [info] Pyenv not found, turning off pyenv features.
2025-10-07 11:12:43.549 [info] Discovered env: /Users/Shared/CLOUD/Programmier-Workshops/Kurse/Enrichment/AI/Enrichment_AI-Kurs_Enrichment/.venv/python/bin/python
2025-10-07 11:12:43.550 [info] Discovered env: /Library/Developer/CommandLineTools/usr/bin/python3.8
2025-10-07 11:12:43.550 [info] Discovered env: /Library/Developer/CommandLineTools/usr/bin/python3
2025-10-07 11:12:43.554 [info] Discovered env: /usr/bin/python3
2025-10-07 11:12:43.557 [info] Discovered env: /usr/local/bin/python3.7
2025-10-07 11:12:43.565 [info] Discovered manager: (Conda) /opt/miniconda3/bin/conda
2025-10-07 11:12:43.565 [info] Discovered env: /opt/miniconda3/bin/python
2025-10-07 11:12:43.566 [info] Discovered manager: (Conda) /opt/anaconda3/bin/conda
2025-10-07 11:12:43.566 [info] Discovered env: /opt/anaconda3/envs/enrichment/bin/python
2025-10-07 11:12:43.574 [info] Discovered env: /opt/anaconda3/bin/python
2025-10-07 11:12:43.586 [info] Discovered env: /usr/local/bin/python3
2025-10-07 11:12:43.635 [info] Discovered env: /usr/local/bin/python3.12
2025-10-07 11:12:43.636 [info] Discovered env: /usr/local/bin/python3.11
2025-10-07 11:12:43.637 [info] Resolved /usr/local/bin/python3
2025-10-07 11:12:43.637 [info] Discovered env: /usr/local/bin/python3.10
2025-10-07 11:12:43.638 [info] Discovered env: /usr/local/bin/python3.9
2025-10-07 11:12:43.669 [info] Resolved /usr/local/bin/python3.11
2025-10-07 11:12:43.671 [info] Resolved /usr/local/bin/python3.12
2025-10-07 11:12:43.671 [info] Resolved /usr/local/bin/python3.10
2025-10-07 11:12:43.671 [info] Resolved /usr/local/bin/python3.9
2025-10-07 11:12:43.797 [info] Locator Conda took 51.356618ms
2025-10-07 11:12:43.797 [info] Locator Homebrew took 120.520568ms
2025-10-07 11:12:43.797 [info] Locator MacCommandLineTools took 13.224625ms
2025-10-07 11:12:43.797 [info] Locator MacPythonOrg took 35.045221ms
2025-10-07 11:12:43.797 [info] Locator MacXCode took 332.982µs
2025-10-07 11:12:43.797 [info] Locator PipEnv took 14.457µs
2025-10-07 11:12:43.797 [info] Locator Pixi took 15.824µs
2025-10-07 11:12:43.798 [info] Locator Poetry took 2.135275ms
2025-10-07 11:12:43.798 [info] Locator PyEnv took 601.025µs
2025-10-07 11:12:43.798 [info] Locator Venv took 1.565451ms
2025-10-07 11:12:43.798 [info] Locator VirtualEnv took 419.878µs
2025-10-07 11:12:43.798 [info] Locator VirtualEnvWrapper took 38.453µs
2025-10-07 11:12:43.798 [info] Locator GlobalVirtualEnvs took 10.521902ms
2025-10-07 11:12:43.798 [info] Locator Locators took 121.618274ms
2025-10-07 11:12:43.798 [info] Locator Path took 275.156947ms
2025-10-07 11:12:43.798 [info] Locator Workspaces took 23.068585ms
2025-10-07 11:12:43.798 [info] Using conda from native finder: /opt/miniconda3/bin/conda
2025-10-07 11:12:43.799 [info] Telemetry:  {"event":"RefreshPerformance","data":{"refreshPerformance":{"total":275,"breakdown":{"GlobalVirtualEnvs":10,"Locators":121,"Path":275,"Workspaces":23},"locators":{"Conda":51,"Homebrew":120,"MacCommandLineTools":13,"MacPythonOrg":35,"MacXCode":0,"PipEnv":0,"Pixi":0,"Poetry":2,"PyEnv":0,"Venv":1,"VirtualEnv":0,"VirtualEnvWrapper":0}}}}
2025-10-07 11:12:43.804 [info] Found global conda sourcing script at: /opt/miniconda3/bin/activate
2025-10-07 11:12:43.833 [info] Conda hook found at: /opt/miniconda3/shell/condabin/conda-hook.ps1
2025-10-07 11:12:43.841 [info] conda.sh found in /opt/miniconda3/etc/profile.d/conda.sh
2025-10-07 11:12:43.857 [info] Conda Sourcing Status:
├─ Conda Path: /opt/miniconda3/bin/conda
├─ Conda Folder: /opt/miniconda3
├─ Active on Launch: false
├─ Global Sourcing Script: /opt/miniconda3/bin/activate
└─ Shell-specific Sourcing Scripts:
   ├─ /opt/miniconda3/shell/condabin/conda-hook.ps1
   ├─ /opt/miniconda3/etc/profile.d/conda.sh
2025-10-07 11:12:43.949 [info] Discovered env: /Users/Shared/CLOUD/Programmier-Workshops/Kurse/Enrichment/AI/Enrichment_AI-Kurs_Enrichment/.venv/python/bin/python
2025-10-07 11:12:43.949 [info] Discovered env: /Library/Developer/CommandLineTools/usr/bin/python3.8
2025-10-07 11:12:43.949 [info] Discovered env: /Library/Developer/CommandLineTools/usr/bin/python3
2025-10-07 11:12:43.950 [info] Discovered env: /usr/bin/python3
2025-10-07 11:12:43.951 [info] Discovered env: /usr/local/bin/python3.7
2025-10-07 11:12:43.951 [info] Discovered manager: (Conda) /opt/miniconda3/bin/conda
2025-10-07 11:12:43.952 [info] Discovered env: /opt/miniconda3/bin/python
2025-10-07 11:12:43.952 [info] Discovered manager: (Conda) /opt/anaconda3/bin/conda
2025-10-07 11:12:43.952 [info] Discovered env: /opt/anaconda3/envs/enrichment/bin/python
2025-10-07 11:12:43.952 [info] Discovered env: /opt/anaconda3/bin/python
2025-10-07 11:12:43.952 [info] Discovered env: /usr/local/bin/python3
2025-10-07 11:12:43.974 [info] Discovered env: /usr/local/bin/python3.10
2025-10-07 11:12:43.979 [info] Resolved /usr/local/bin/python3
2025-10-07 11:12:44.006 [info] Discovered env: /usr/local/bin/python3.11
2025-10-07 11:12:44.017 [info] Resolved /usr/local/bin/python3.10
2025-10-07 11:12:44.024 [info] Discovered env: /usr/local/bin/python3.9
2025-10-07 11:12:44.025 [info] Discovered env: /usr/local/bin/python3.12
2025-10-07 11:12:44.042 [info] Resolved /usr/local/bin/python3.11
2025-10-07 11:12:44.063 [info] Resolved /usr/local/bin/python3.12
2025-10-07 11:12:44.074 [info] Resolved /usr/local/bin/python3.9
2025-10-07 11:12:44.125 [info] Locator Conda took 147.015261ms
2025-10-07 11:12:44.125 [info] Locator Homebrew took 225.65414ms
2025-10-07 11:12:44.125 [info] Locator MacCommandLineTools took 18.128638ms
2025-10-07 11:12:44.125 [info] Locator MacPythonOrg took 130.731249ms
2025-10-07 11:12:44.125 [info] Locator MacXCode took 11.067µs
2025-10-07 11:12:44.126 [info] Locator PipEnv took 15.708µs
2025-10-07 11:12:44.126 [info] Locator Pixi took 4.941304ms
2025-10-07 11:12:44.126 [info] Locator Poetry took 792.003µs
2025-10-07 11:12:44.126 [info] Locator PyEnv took 5.329032ms
2025-10-07 11:12:44.126 [info] Locator Venv took 14.355µs
2025-10-07 11:12:44.126 [info] Locator VirtualEnv took 12.582µs
2025-10-07 11:12:44.126 [info] Locator VirtualEnvWrapper took 31.874µs
2025-10-07 11:12:44.126 [info] Locator GlobalVirtualEnvs took 15.151407ms
2025-10-07 11:12:44.126 [info] Locator Locators took 226.541441ms
2025-10-07 11:12:44.126 [info] Locator Path took 325.396725ms
2025-10-07 11:12:44.126 [info] Locator Workspaces took 125.237264ms
2025-10-07 11:12:44.126 [info] Poetry not found, turning off poetry features.
2025-10-07 11:12:44.127 [info] [resolveDefaultInterpreter] User configured defaultInterpreterPath: undefined and defaultEnvManager: undefined
2025-10-07 11:12:44.131 [info] Telemetry:  {"event":"RefreshPerformance","data":{"refreshPerformance":{"total":325,"breakdown":{"GlobalVirtualEnvs":15,"Locators":226,"Path":325,"Workspaces":125},"locators":{"Conda":147,"Homebrew":225,"MacCommandLineTools":18,"MacPythonOrg":130,"MacXCode":0,"PipEnv":0,"Pixi":4,"Poetry":0,"PyEnv":5,"Venv":0,"VirtualEnv":0,"VirtualEnvWrapper":0}}}}
2025-10-07 11:12:44.157 [info] Discovered env: /Users/Shared/CLOUD/Programmier-Workshops/Kurse/Enrichment/AI/Enrichment_AI-Kurs_Enrichment/.venv/python/bin/python
2025-10-07 11:12:44.161 [info] Discovered env: /Library/Developer/CommandLineTools/usr/bin/python3.8
2025-10-07 11:12:44.162 [info] Discovered env: /Library/Developer/CommandLineTools/usr/bin/python3
2025-10-07 11:12:44.162 [info] Discovered env: /usr/bin/python3
2025-10-07 11:12:44.171 [info] Discovered env: /usr/local/bin/python3.7
2025-10-07 11:12:44.172 [info] Discovered manager: (Conda) /opt/miniconda3/bin/conda
2025-10-07 11:12:44.172 [info] Discovered env: /opt/miniconda3/bin/python
2025-10-07 11:12:44.172 [info] Discovered manager: (Conda) /opt/anaconda3/bin/conda
2025-10-07 11:12:44.172 [info] Discovered env: /opt/anaconda3/envs/enrichment/bin/python
2025-10-07 11:12:44.177 [info] Discovered env: /opt/anaconda3/bin/python
2025-10-07 11:12:44.194 [info] Discovered env: /usr/local/bin/python3
2025-10-07 11:12:44.228 [info] Resolved /usr/local/bin/python3
2025-10-07 11:12:44.229 [info] Discovered env: /usr/local/bin/python3.10
2025-10-07 11:12:44.236 [info] Discovered env: /usr/local/bin/python3.9
2025-10-07 11:12:44.236 [info] Discovered env: /usr/local/bin/python3.12
2025-10-07 11:12:44.243 [info] Discovered env: /usr/local/bin/python3.11
2025-10-07 11:12:44.259 [info] Resolved /usr/local/bin/python3.10
2025-10-07 11:12:44.264 [info] Resolved /usr/local/bin/python3.9
2025-10-07 11:12:44.265 [info] Resolved /usr/local/bin/python3.12
2025-10-07 11:12:44.269 [info] Resolved /usr/local/bin/python3.11
2025-10-07 11:12:44.360 [info] Locator Conda took 45.257071ms
2025-10-07 11:12:44.360 [info] Locator Homebrew took 110.645109ms
2025-10-07 11:12:44.360 [info] Locator MacCommandLineTools took 12.85024ms
2025-10-07 11:12:44.360 [info] Locator MacPythonOrg took 33.224296ms
2025-10-07 11:12:44.361 [info] Locator MacXCode took 1.139658ms
2025-10-07 11:12:44.361 [info] Locator PipEnv took 792.478µs
2025-10-07 11:12:44.361 [info] Locator Pixi took 155.935µs
2025-10-07 11:12:44.361 [info] Locator Poetry took 381.327µs
2025-10-07 11:12:44.361 [info] Locator PyEnv took 241.774µs
2025-10-07 11:12:44.361 [info] Locator Venv took 876.849µs
2025-10-07 11:12:44.361 [info] Locator VirtualEnv took 14.255µs
2025-10-07 11:12:44.361 [info] Locator VirtualEnvWrapper took 838.542µs
2025-10-07 11:12:44.361 [info] Locator GlobalVirtualEnvs took 8.229757ms
2025-10-07 11:12:44.361 [info] Locator Locators took 111.016851ms
2025-10-07 11:12:44.361 [info] Locator Path took 228.231213ms
2025-10-07 11:12:44.361 [info] Locator Workspaces took 18.088746ms
2025-10-07 11:12:44.364 [info] Telemetry:  {"event":"RefreshPerformance","data":{"refreshPerformance":{"total":228,"breakdown":{"GlobalVirtualEnvs":8,"Locators":111,"Path":228,"Workspaces":18},"locators":{"Conda":45,"Homebrew":110,"MacCommandLineTools":12,"MacPythonOrg":33,"MacXCode":1,"PipEnv":0,"Pixi":0,"Poetry":0,"PyEnv":0,"Venv":0,"VirtualEnv":0,"VirtualEnvWrapper":0}}}}
2025-10-07 11:12:44.365 [info] Locator GlobalVirtualEnvs took 275ns
2025-10-07 11:12:44.366 [info] Locator Locators took 47.293µs
2025-10-07 11:12:44.366 [info] Locator Path took 172ns
2025-10-07 11:12:44.366 [info] Locator Workspaces took 820.98µs
2025-10-07 11:12:44.368 [info] Telemetry:  {"event":"RefreshPerformance","data":{"refreshPerformance":{"total":1,"breakdown":{"GlobalVirtualEnvs":0,"Locators":0,"Path":0,"Workspaces":0},"locators":{}}}}
2025-10-07 11:12:44.399 [info] Resolved Python Environment /Users/Shared/CLOUD/Programmier-Workshops/Kurse/Enrichment/AI/Enrichment_AI-Kurs_Enrichment/.venv/python/bin/python
2025-10-07 11:12:44.399 [info] Discovered env: /Users/Shared/CLOUD/Programmier-Workshops/Kurse/Enrichment/AI/Enrichment_AI-Kurs_Enrichment/.venv/python/bin/python
2025-10-07 11:12:44.407 [info] Discovered env: /Library/Developer/CommandLineTools/usr/bin/python3.8
2025-10-07 11:12:44.408 [info] Discovered env: /Library/Developer/CommandLineTools/usr/bin/python3
2025-10-07 11:12:44.408 [info] Discovered env: /usr/bin/python3
2025-10-07 11:12:44.414 [info] Discovered env: /usr/local/bin/python3.7
2025-10-07 11:12:44.414 [info] Resolved Python Environment /Users/Shared/CLOUD/Programmier-Workshops/Kurse/Enrichment/AI/Enrichment_AI-Kurs_Enrichment/.venv/python/bin/python
2025-10-07 11:12:44.415 [info] Discovered manager: (Conda) /opt/miniconda3/bin/conda
2025-10-07 11:12:44.415 [info] Discovered env: /opt/miniconda3/bin/python
2025-10-07 11:12:44.415 [info] Discovered manager: (Conda) /opt/anaconda3/bin/conda
2025-10-07 11:12:44.417 [info] Python API: Changed environment from undefined to python (3.13.7) for: /Users/Shared/CLOUD/Programmier-Workshops/Kurse/Enrichment/AI/Enrichment_AI-Kurs_Enrichment/9-Website
2025-10-07 11:12:44.417 [info] Internal: Changed environment from undefined to python (3.13.7) for: /Users/Shared/CLOUD/Programmier-Workshops/Kurse/Enrichment/AI/Enrichment_AI-Kurs_Enrichment/9-Website
2025-10-07 11:12:44.417 [info] Discovered env: /opt/anaconda3/envs/enrichment/bin/python
2025-10-07 11:12:44.422 [info] Discovered env: /opt/anaconda3/bin/python
2025-10-07 11:12:44.435 [info] Discovered env: /usr/local/bin/python3
2025-10-07 11:12:44.468 [info] Resolved /usr/local/bin/python3
2025-10-07 11:12:44.470 [info] Discovered env: /usr/local/bin/python3.10
2025-10-07 11:12:44.482 [info] Discovered env: /usr/local/bin/python3.12
2025-10-07 11:12:44.483 [info] Discovered env: /usr/local/bin/python3.11
2025-10-07 11:12:44.483 [info] Discovered env: /usr/local/bin/python3.9
2025-10-07 11:12:44.499 [info] Resolved /usr/local/bin/python3.10
2025-10-07 11:12:44.508 [info] Resolved /usr/local/bin/python3.12
2025-10-07 11:12:44.510 [info] Resolved /usr/local/bin/python3.9
2025-10-07 11:12:44.510 [info] Resolved /usr/local/bin/python3.11
2025-10-07 11:12:44.603 [info] Locator Conda took 46.062998ms
2025-10-07 11:12:44.603 [info] Locator Homebrew took 113.956971ms
2025-10-07 11:12:44.603 [info] Locator MacCommandLineTools took 11.830277ms
2025-10-07 11:12:44.603 [info] Locator MacPythonOrg took 32.847763ms
2025-10-07 11:12:44.603 [info] Locator MacXCode took 15.976µs
2025-10-07 11:12:44.603 [info] Locator PipEnv took 14.098µs
2025-10-07 11:12:44.603 [info] Locator Pixi took 55.697µs
2025-10-07 11:12:44.603 [info] Locator Poetry took 1.56641ms
2025-10-07 11:12:44.603 [info] Locator PyEnv took 2.9225ms
2025-10-07 11:12:44.603 [info] Locator Venv took 13.906µs
2025-10-07 11:12:44.603 [info] Locator VirtualEnv took 13.329µs
2025-10-07 11:12:44.604 [info] Locator VirtualEnvWrapper took 886.19µs
2025-10-07 11:12:44.604 [info] Locator GlobalVirtualEnvs took 12.214631ms
2025-10-07 11:12:44.604 [info] Locator Locators took 115.282396ms
2025-10-07 11:12:44.604 [info] Locator Path took 234.573804ms
2025-10-07 11:12:44.604 [info] Locator Workspaces took 18.871702ms
2025-10-07 11:12:44.604 [info] Found 0 pipenv environments
2025-10-07 11:12:44.609 [info] Telemetry:  {"event":"RefreshPerformance","data":{"refreshPerformance":{"total":234,"breakdown":{"GlobalVirtualEnvs":12,"Locators":115,"Path":234,"Workspaces":18},"locators":{"Conda":46,"Homebrew":113,"MacCommandLineTools":11,"MacPythonOrg":32,"MacXCode":0,"PipEnv":0,"Pixi":0,"Poetry":1,"PyEnv":2,"Venv":0,"VirtualEnv":0,"VirtualEnvWrapper":0}}}}
2025-10-07 11:16:27.187 [info] Locator GlobalVirtualEnvs took 449ns
2025-10-07 11:16:27.188 [info] Locator Locators took 805ns
2025-10-07 11:16:27.188 [info] Locator Path took 226ns
2025-10-07 11:16:27.188 [info] Locator Workspaces took 2.52429ms
2025-10-07 11:16:27.188 [info] Telemetry:  {"event":"RefreshPerformance","data":{"refreshPerformance":{"total":2,"breakdown":{"GlobalVirtualEnvs":0,"Locators":0,"Path":0,"Workspaces":2},"locators":{}}}}
2025-10-07 11:16:27.191 [info] Resolved Python Environment /Users/Shared/CLOUD/Programmier-Workshops/Kurse/Enrichment/AI/Enrichment_AI-Kurs_Enrichment/.venv/python/bin/python
2025-10-07 11:16:27.195 [info] Python API: Changed environment from python (3.13.7) to python (3.13.7) for: /Users/Shared/CLOUD/Programmier-Workshops/Kurse/Enrichment/AI/Enrichment_AI-Kurs_Enrichment/9-Website
2025-10-07 11:16:27.195 [info] Internal: Changed environment from python (3.13.7) to python (3.13.7) for: /Users/Shared/CLOUD/Programmier-Workshops/Kurse/Enrichment/AI/Enrichment_AI-Kurs_Enrichment/9-Website
2025-10-07 11:20:53.261 [info] Locator GlobalVirtualEnvs took 245ns
2025-10-07 11:20:53.261 [info] Locator Locators took 9.334µs
2025-10-07 11:20:53.261 [info] Locator Path took 225ns
2025-10-07 11:20:53.261 [info] Locator Workspaces took 2.920533ms
2025-10-07 11:20:53.262 [info] Telemetry:  {"event":"RefreshPerformance","data":{"refreshPerformance":{"total":3,"breakdown":{"GlobalVirtualEnvs":0,"Locators":0,"Path":0,"Workspaces":2},"locators":{}}}}
2025-10-07 11:20:53.267 [info] Resolved Python Environment /Users/Shared/CLOUD/Programmier-Workshops/Kurse/Enrichment/AI/Enrichment_AI-Kurs_Enrichment/.venv/python/bin/python
2025-10-07 11:20:53.272 [info] Python API: Changed environment from python (3.13.7) to python (3.13.7) for: /Users/Shared/CLOUD/Programmier-Workshops/Kurse/Enrichment/AI/Enrichment_AI-Kurs_Enrichment/9-Website
2025-10-07 11:20:53.272 [info] Internal: Changed environment from python (3.13.7) to python (3.13.7) for: /Users/Shared/CLOUD/Programmier-Workshops/Kurse/Enrichment/AI/Enrichment_AI-Kurs_Enrichment/9-Website
2025-10-07 11:21:01.182 [info] Locator GlobalVirtualEnvs took 230ns
2025-10-07 11:21:01.182 [info] Locator Locators took 895ns
2025-10-07 11:21:01.183 [info] Locator Path took 213ns
2025-10-07 11:21:01.183 [info] Locator Workspaces took 867.934µs
2025-10-07 11:21:01.183 [info] Telemetry:  {"event":"RefreshPerformance","data":{"refreshPerformance":{"total":1,"breakdown":{"GlobalVirtualEnvs":0,"Locators":0,"Path":0,"Workspaces":0},"locators":{}}}}
2025-10-07 11:21:01.185 [info] Resolved Python Environment /Users/Shared/CLOUD/Programmier-Workshops/Kurse/Enrichment/AI/Enrichment_AI-Kurs_Enrichment/.venv/python/bin/python
2025-10-07 11:21:01.189 [info] Python API: Changed environment from python (3.13.7) to python (3.13.7) for: /Users/Shared/CLOUD/Programmier-Workshops/Kurse/Enrichment/AI/Enrichment_AI-Kurs_Enrichment/9-Website
2025-10-07 11:21:01.189 [info] Internal: Changed environment from python (3.13.7) to python (3.13.7) for: /Users/Shared/CLOUD/Programmier-Workshops/Kurse/Enrichment/AI/Enrichment_AI-Kurs_Enrichment/9-Website
2025-10-07 11:21:05.799 [info] Locator GlobalVirtualEnvs took 247ns
2025-10-07 11:21:05.799 [info] Locator Locators took 1.024µs
2025-10-07 11:21:05.800 [info] Locator Path took 210ns
2025-10-07 11:21:05.800 [info] Locator Workspaces took 1.000259ms
2025-10-07 11:21:05.800 [info] Telemetry:  {"event":"RefreshPerformance","data":{"refreshPerformance":{"total":1,"breakdown":{"GlobalVirtualEnvs":0,"Locators":0,"Path":0,"Workspaces":1},"locators":{}}}}
2025-10-07 11:21:05.802 [info] Resolved Python Environment /Users/Shared/CLOUD/Programmier-Workshops/Kurse/Enrichment/AI/Enrichment_AI-Kurs_Enrichment/.venv/python/bin/python
2025-10-07 11:21:05.805 [info] Python API: Changed environment from python (3.13.7) to python (3.13.7) for: /Users/Shared/CLOUD/Programmier-Workshops/Kurse/Enrichment/AI/Enrichment_AI-Kurs_Enrichment/9-Website
2025-10-07 11:21:05.805 [info] Internal: Changed environment from python (3.13.7) to python (3.13.7) for: /Users/Shared/CLOUD/Programmier-Workshops/Kurse/Enrichment/AI/Enrichment_AI-Kurs_Enrichment/9-Website
2025-10-07 11:21:13.802 [info] Locator GlobalVirtualEnvs took 3.264µs
2025-10-07 11:21:13.802 [info] Locator Locators took 810ns
2025-10-07 11:21:13.802 [info] Locator Path took 278ns
2025-10-07 11:21:13.802 [info] Locator Workspaces took 1.134722ms
2025-10-07 11:21:13.803 [info] Telemetry:  {"event":"RefreshPerformance","data":{"refreshPerformance":{"total":1,"breakdown":{"GlobalVirtualEnvs":0,"Locators":0,"Path":0,"Workspaces":1},"locators":{}}}}
2025-10-07 11:21:13.804 [info] Resolved Python Environment /Users/Shared/CLOUD/Programmier-Workshops/Kurse/Enrichment/AI/Enrichment_AI-Kurs_Enrichment/.venv/python/bin/python
2025-10-07 11:21:13.807 [info] Python API: Changed environment from python (3.13.7) to python (3.13.7) for: /Users/Shared/CLOUD/Programmier-Workshops/Kurse/Enrichment/AI/Enrichment_AI-Kurs_Enrichment/9-Website
2025-10-07 11:21:13.807 [info] Internal: Changed environment from python (3.13.7) to python (3.13.7) for: /Users/Shared/CLOUD/Programmier-Workshops/Kurse/Enrichment/AI/Enrichment_AI-Kurs_Enrichment/9-Website
2025-10-07 11:30:36.520 [info] Locator GlobalVirtualEnvs took 407ns
2025-10-07 11:30:36.521 [info] Locator Locators took 719ns
2025-10-07 11:30:36.521 [info] Locator Path took 316ns
2025-10-07 11:30:36.521 [info] Locator Workspaces took 8.40618ms
2025-10-07 11:30:36.522 [info] Telemetry:  {"event":"RefreshPerformance","data":{"refreshPerformance":{"total":10,"breakdown":{"GlobalVirtualEnvs":0,"Locators":0,"Path":0,"Workspaces":8},"locators":{}}}}
2025-10-07 11:30:36.537 [info] Resolved Python Environment /Users/Shared/CLOUD/Programmier-Workshops/Kurse/Enrichment/AI/Enrichment_AI-Kurs_Enrichment/.venv/python/bin/python
2025-10-07 11:30:36.568 [info] Python API: Changed environment from python (3.13.7) to python (3.13.7) for: /Users/Shared/CLOUD/Programmier-Workshops/Kurse/Enrichment/AI/Enrichment_AI-Kurs_Enrichment/9-Website
2025-10-07 11:30:36.568 [info] Internal: Changed environment from python (3.13.7) to python (3.13.7) for: /Users/Shared/CLOUD/Programmier-Workshops/Kurse/Enrichment/AI/Enrichment_AI-Kurs_Enrichment/9-Website
2025-10-07 11:31:41.226 [info] Locator GlobalVirtualEnvs took 322ns
2025-10-07 11:31:41.226 [info] Locator Locators took 4.16µs
2025-10-07 11:31:41.226 [info] Locator Path took 774ns
2025-10-07 11:31:41.227 [info] Locator Workspaces took 3.174157ms
2025-10-07 11:31:41.227 [info] Telemetry:  {"event":"RefreshPerformance","data":{"refreshPerformance":{"total":3,"breakdown":{"GlobalVirtualEnvs":0,"Locators":0,"Path":0,"Workspaces":3},"locators":{}}}}
2025-10-07 11:31:41.273 [info] Resolved Python Environment /Users/Shared/CLOUD/Programmier-Workshops/Kurse/Enrichment/AI/Enrichment_AI-Kurs_Enrichment/.venv/python/bin/python
2025-10-07 11:31:41.276 [info] Python API: Changed environment from python (3.13.7) to python (3.13.7) for: /Users/Shared/CLOUD/Programmier-Workshops/Kurse/Enrichment/AI/Enrichment_AI-Kurs_Enrichment/9-Website
2025-10-07 11:31:41.276 [info] Internal: Changed environment from python (3.13.7) to python (3.13.7) for: /Users/Shared/CLOUD/Programmier-Workshops/Kurse/Enrichment/AI/Enrichment_AI-Kurs_Enrichment/9-Website
2025-10-07 11:31:52.792 [info] Locator GlobalVirtualEnvs took 265ns
2025-10-07 11:31:52.792 [info] Locator Locators took 871ns
2025-10-07 11:31:52.793 [info] Locator Path took 4.745µs
2025-10-07 11:31:52.793 [info] Locator Workspaces took 1.578117ms
2025-10-07 11:31:52.793 [info] Telemetry:  {"event":"RefreshPerformance","data":{"refreshPerformance":{"total":1,"breakdown":{"GlobalVirtualEnvs":0,"Locators":0,"Path":0,"Workspaces":1},"locators":{}}}}
2025-10-07 11:31:52.801 [info] Resolved Python Environment /Users/Shared/CLOUD/Programmier-Workshops/Kurse/Enrichment/AI/Enrichment_AI-Kurs_Enrichment/.venv/python/bin/python
2025-10-07 11:31:52.804 [info] Python API: Changed environment from python (3.13.7) to python (3.13.7) for: /Users/Shared/CLOUD/Programmier-Workshops/Kurse/Enrichment/AI/Enrichment_AI-Kurs_Enrichment/9-Website
2025-10-07 11:31:52.804 [info] Internal: Changed environment from python (3.13.7) to python (3.13.7) for: /Users/Shared/CLOUD/Programmier-Workshops/Kurse/Enrichment/AI/Enrichment_AI-Kurs_Enrichment/9-Website
2025-10-07 11:32:09.377 [info] Locator GlobalVirtualEnvs took 309ns
2025-10-07 11:32:09.377 [info] Locator Locators took 807ns
2025-10-07 11:32:09.377 [info] Locator Path took 380ns
2025-10-07 11:32:09.377 [info] Locator Workspaces took 2.713721ms
2025-10-07 11:32:09.378 [info] Telemetry:  {"event":"RefreshPerformance","data":{"refreshPerformance":{"total":3,"breakdown":{"GlobalVirtualEnvs":0,"Locators":0,"Path":0,"Workspaces":2},"locators":{}}}}
2025-10-07 11:32:09.389 [info] Resolved Python Environment /Users/Shared/CLOUD/Programmier-Workshops/Kurse/Enrichment/AI/Enrichment_AI-Kurs_Enrichment/.venv/python/bin/python
2025-10-07 11:32:09.392 [info] Python API: Changed environment from python (3.13.7) to python (3.13.7) for: /Users/Shared/CLOUD/Programmier-Workshops/Kurse/Enrichment/AI/Enrichment_AI-Kurs_Enrichment/9-Website
2025-10-07 11:32:09.392 [info] Internal: Changed environment from python (3.13.7) to python (3.13.7) for: /Users/Shared/CLOUD/Programmier-Workshops/Kurse/Enrichment/AI/Enrichment_AI-Kurs_Enrichment/9-Website
2025-10-07 11:36:50.720 [info] Terminal is activated: /Users/Shared/CLOUD/Programmier-Workshops/Kurse/Enrichment/AI/Enrichment_AI-Kurs_Enrichment/.venv/python/bin/python
2025-10-07 11:42:12.518 [info] Running: uv pip install --python /Users/Shared/CLOUD/Programmier-Workshops/Kurse/Enrichment/AI/Enrichment_AI-Kurs_Enrichment/.venv/python/bin/python next-i18next
2025-10-07 11:42:12.634 [info] Using Python 3.13.7 environment at: /Users/Shared/CLOUD/Programmier-Workshops/Kurse/Enrichment/AI/Enrichment_AI-Kurs_Enrichment/.venv/python

2025-10-07 11:42:12.971 [info]   × No solution found when resolving dependencies:

2025-10-07 11:42:12.971 [info]   ╰─▶ Because next-i18next was not found in the package registry and you
      require next-i18next, we can conclude that your requirements are
      unsatisfiable.

2025-10-07 11:42:12.979 [error] Error managing packages Failed to run uv pip install --python /Users/Shared/CLOUD/Programmier-Workshops/Kurse/Enrichment/AI/Enrichment_AI-Kurs_Enrichment/.venv/python/bin/python next-i18next
2025-10-07 11:44:55.219 [info] Locator GlobalVirtualEnvs took 333ns
2025-10-07 11:44:55.220 [info] Locator Locators took 1.073µs
2025-10-07 11:44:55.220 [info] Locator Path took 244ns
2025-10-07 11:44:55.220 [info] Locator Workspaces took 2.882333ms
2025-10-07 11:44:55.221 [info] Telemetry:  {"event":"RefreshPerformance","data":{"refreshPerformance":{"total":3,"breakdown":{"GlobalVirtualEnvs":0,"Locators":0,"Path":0,"Workspaces":2},"locators":{}}}}
2025-10-07 11:44:55.255 [info] Resolved Python Environment /Users/Shared/CLOUD/Programmier-Workshops/Kurse/Enrichment/AI/Enrichment_AI-Kurs_Enrichment/.venv/python/bin/python
2025-10-07 11:44:55.259 [info] Python API: Changed environment from python (3.13.7) to python (3.13.7) for: /Users/Shared/CLOUD/Programmier-Workshops/Kurse/Enrichment/AI/Enrichment_AI-Kurs_Enrichment/9-Website
2025-10-07 11:44:55.259 [info] Internal: Changed environment from python (3.13.7) to python (3.13.7) for: /Users/Shared/CLOUD/Programmier-Workshops/Kurse/Enrichment/AI/Enrichment_AI-Kurs_Enrichment/9-Website
2025-10-07 11:51:41.768 [info] Locator GlobalVirtualEnvs took 273ns
2025-10-07 11:51:41.769 [info] Locator Locators took 249ns
2025-10-07 11:51:41.769 [info] Locator Path took 712ns
2025-10-07 11:51:41.769 [info] Locator Workspaces took 2.414591ms
2025-10-07 11:51:41.770 [info] Telemetry:  {"event":"RefreshPerformance","data":{"refreshPerformance":{"total":2,"breakdown":{"GlobalVirtualEnvs":0,"Locators":0,"Path":0,"Workspaces":2},"locators":{}}}}
2025-10-07 11:51:41.829 [info] Resolved Python Environment /Users/Shared/CLOUD/Programmier-Workshops/Kurse/Enrichment/AI/Enrichment_AI-Kurs_Enrichment/.venv/python/bin/python
2025-10-07 11:51:41.842 [info] Python API: Changed environment from python (3.13.7) to python (3.13.7) for: /Users/Shared/CLOUD/Programmier-Workshops/Kurse/Enrichment/AI/Enrichment_AI-Kurs_Enrichment/9-Website
2025-10-07 11:51:41.842 [info] Internal: Changed environment from python (3.13.7) to python (3.13.7) for: /Users/Shared/CLOUD/Programmier-Workshops/Kurse/Enrichment/AI/Enrichment_AI-Kurs_Enrichment/9-Website
2025-10-07 11:58:12.003 [info] Locator GlobalVirtualEnvs took 221ns
2025-10-07 11:58:12.003 [info] Locator Locators took 1.131µs
2025-10-07 11:58:12.003 [info] Locator Path took 240ns
2025-10-07 11:58:12.003 [info] Locator Workspaces took 1.523954ms
2025-10-07 11:58:12.004 [info] Telemetry:  {"event":"RefreshPerformance","data":{"refreshPerformance":{"total":1,"breakdown":{"GlobalVirtualEnvs":0,"Locators":0,"Path":0,"Workspaces":1},"locators":{}}}}
2025-10-07 11:58:12.026 [info] Resolved Python Environment /Users/Shared/CLOUD/Programmier-Workshops/Kurse/Enrichment/AI/Enrichment_AI-Kurs_Enrichment/.venv/python/bin/python
2025-10-07 11:58:12.033 [info] Python API: Changed environment from python (3.13.7) to python (3.13.7) for: /Users/Shared/CLOUD/Programmier-Workshops/Kurse/Enrichment/AI/Enrichment_AI-Kurs_Enrichment/9-Website
2025-10-07 11:58:12.033 [info] Internal: Changed environment from python (3.13.7) to python (3.13.7) for: /Users/Shared/CLOUD/Programmier-Workshops/Kurse/Enrichment/AI/Enrichment_AI-Kurs_Enrichment/9-Website
2025-10-07 12:01:26.231 [info] Locator GlobalVirtualEnvs took 237ns
2025-10-07 12:01:26.231 [info] Locator Locators took 846ns
2025-10-07 12:01:26.231 [info] Locator Path took 252ns
2025-10-07 12:01:26.231 [info] Locator Workspaces took 1.775346ms
2025-10-07 12:01:26.232 [info] Telemetry:  {"event":"RefreshPerformance","data":{"refreshPerformance":{"total":1,"breakdown":{"GlobalVirtualEnvs":0,"Locators":0,"Path":0,"Workspaces":1},"locators":{}}}}
2025-10-07 12:01:26.237 [info] Resolved Python Environment /Users/Shared/CLOUD/Programmier-Workshops/Kurse/Enrichment/AI/Enrichment_AI-Kurs_Enrichment/.venv/python/bin/python
2025-10-07 12:01:26.242 [info] Python API: Changed environment from python (3.13.7) to python (3.13.7) for: /Users/Shared/CLOUD/Programmier-Workshops/Kurse/Enrichment/AI/Enrichment_AI-Kurs_Enrichment/9-Website
2025-10-07 12:01:26.242 [info] Internal: Changed environment from python (3.13.7) to python (3.13.7) for: /Users/Shared/CLOUD/Programmier-Workshops/Kurse/Enrichment/AI/Enrichment_AI-Kurs_Enrichment/9-Website
2025-10-07 13:35:02.938 [info] Locator GlobalVirtualEnvs took 237ns
2025-10-07 13:35:02.939 [info] Locator Locators took 746ns
2025-10-07 13:35:02.939 [info] Locator Path took 345ns
2025-10-07 13:35:02.939 [info] Locator Workspaces took 2.47548ms
2025-10-07 13:35:02.940 [info] Telemetry:  {"event":"RefreshPerformance","data":{"refreshPerformance":{"total":2,"breakdown":{"GlobalVirtualEnvs":0,"Locators":0,"Path":0,"Workspaces":2},"locators":{}}}}
2025-10-07 13:35:02.968 [info] Resolved Python Environment /Users/Shared/CLOUD/Programmier-Workshops/Kurse/Enrichment/AI/Enrichment_AI-Kurs_Enrichment/.venv/python/bin/python
2025-10-07 13:35:02.972 [info] Python API: Changed environment from python (3.13.7) to python (3.13.7) for: /Users/Shared/CLOUD/Programmier-Workshops/Kurse/Enrichment/AI/Enrichment_AI-Kurs_Enrichment/9-Website
2025-10-07 13:35:02.972 [info] Internal: Changed environment from python (3.13.7) to python (3.13.7) for: /Users/Shared/CLOUD/Programmier-Workshops/Kurse/Enrichment/AI/Enrichment_AI-Kurs_Enrichment/9-Website
